<?xml version="1.0" encoding="UTF-8"?>
<!-- Generated by org.testng.reporters.JUnitReportReporter -->
<testsuite hostname="Marija-HP255-G7" failures="0" tests="3" name="tests.NavigationTest" time="60.404" errors="0" timestamp="2020-04-03T20:45:09 CEST" skipped="0">
  <testcase classname="tests.NavigationTest" name="navigationTest1" time="19.686"/>
  <system-out/>
  <testcase classname="tests.NavigationTest" name="navigationTest3" time="21.318"/>
  <system-out/>
  <testcase classname="tests.NavigationTest" name="navigationTest2" time="19.400"/>
  <system-out/>
</testsuite> <!-- tests.NavigationTest -->
