<?xml version="1.0" encoding="UTF-8"?>
<!-- Generated by org.testng.reporters.JUnitReportReporter -->
<testsuite hostname="Marija-HP255-G7" failures="0" tests="1" name="tests.LoginTest" time="63.824" errors="0" timestamp="2020-04-02T22:25:30 CEST" skipped="0">
  <testcase classname="tests.LoginTest" name="existingUserLogin" time="63.824"/>
  <system-out/>
</testsuite> <!-- tests.LoginTest -->
