<?xml version="1.0" encoding="UTF-8"?>
<!-- Generated by org.testng.reporters.JUnitReportReporter -->
<testsuite hostname="Marija-HP255-G7" failures="0" tests="2" name="tests.CartTest" time="60.369" errors="0" timestamp="2020-04-03T19:19:32 CEST" skipped="0">
  <testcase classname="tests.CartTest" name="cartCheck2" time="31.240"/>
  <system-out/>
  <testcase classname="tests.CartTest" name="cartCheck" time="29.129"/>
  <system-out/>
</testsuite> <!-- tests.CartTest -->
